\BOOKMARK [0][-]{chapter*.1}{ACKNOWLEDGEMENTS}{}% 1
\BOOKMARK [0][-]{chapter*.2}{ABSTRACT}{}% 2
\BOOKMARK [0][-]{chapter*.4}{LIST OF TABLES}{}% 3
\BOOKMARK [0][-]{chapter*.5}{LIST OF FIGURES}{}% 4
\BOOKMARK [0][-]{chapter.1}{Introduction}{}% 5
\BOOKMARK [0][-]{chapter.2}{Path Planning}{}% 6
\BOOKMARK [1][-]{section.2.1}{Configuration space}{chapter.2}% 7
\BOOKMARK [1][-]{section.2.2}{The Problem}{chapter.2}% 8
\BOOKMARK [1][-]{section.2.3}{Related Work}{chapter.2}% 9
\BOOKMARK [2][-]{subsection.2.3.1}{Search based algorithms}{section.2.3}% 10
\BOOKMARK [2][-]{subsection.2.3.2}{Artificial Potential Fields}{section.2.3}% 11
\BOOKMARK [2][-]{subsection.2.3.3}{Sampling based planners}{section.2.3}% 12
\BOOKMARK [0][-]{chapter.3}{Rapidly Exploring Random Trees}{}% 13
\BOOKMARK [1][-]{section.3.1}{Algorithm}{chapter.3}% 14
\BOOKMARK [1][-]{section.3.2}{Improvements}{chapter.3}% 15
\BOOKMARK [2][-]{subsection.3.2.1}{Optimality}{section.3.2}% 16
\BOOKMARK [2][-]{subsection.3.2.2}{Issues}{section.3.2}% 17
\BOOKMARK [0][-]{chapter.4}{Planning in Dynamic Environment}{}% 18
\BOOKMARK [1][-]{section.4.1}{Predicting obstacles}{chapter.4}% 19
\BOOKMARK [1][-]{section.4.2}{Replanning}{chapter.4}% 20
\BOOKMARK [0][-]{chapter.5}{RRTPI}{}% 21
\BOOKMARK [1][-]{subsection.5.0.1}{MDP}{chapter.5}% 22
\BOOKMARK [0][-]{chapter.6}{Future Work}{}% 23
